<?xml version="1.0" encoding="UTF-8"?>
<!-- Generated by org.testng.reporters.JUnitReportReporter -->
<testsuite hostname="Admins-MacBook-Pro.local" failures="0" tests="1" name="mtest.TestMe" time="16.244" errors="0" timestamp="30 Mar 2018 21:10:14 GMT">
  <testcase classname="mtest.TestMe" name="test" time="16.244"/>
</testsuite> <!-- mtest.TestMe -->
